Loading training HoloFrame...
Loading submission weights...
Opening previous scalings...
Saved scalings for next time
Starting training loop...
... border_count=32
... depth=8
... iterations=400
... learning_rate=0.25
... l2_leaf_reg=5
Catboost training batch 1 of 4
0:	learn: 16.5418802	total: 2.48s	remaining: 16m 28s
399:	learn: 7.1238394	total: 14m 21s	remaining: 0us
Catboost training batch 2 of 4
0:	learn: 15.4913871	total: 2.49s	remaining: 16m 32s
399:	learn: 6.9183104	total: 14m 41s	remaining: 0us
Catboost training batch 3 of 4
0:	learn: 14.6272904	total: 2.9s	remaining: 19m 18s
399:	learn: 6.5781772	total: 14m 43s	remaining: 0us
Catboost training batch 4 of 4
0:	learn: 15.2232388	total: 2.22s	remaining: 14m 47s
399:	learn: 6.9924220	total: 14m 23s	remaining: 0us
Catboost validation batch 1 of 1 normalised r2=-2.3013749160034065e+20
Zeroed-out due to scaling not blacklist: ['ptend_q0002_15', 'ptend_q0002_16', 'ptend_q0002_17', 'ptend_q0002_18', 'ptend_q0002_19', 'ptend_q0002_20', 'ptend_q0002_21', 'ptend_q0002_22', 'ptend_q0002_23']
Zeroed-out due to scaling not blacklist: ['ptend_q0002_15', 'ptend_q0002_16', 'ptend_q0002_17', 'ptend_q0002_18', 'ptend_q0002_19', 'ptend_q0002_20', 'ptend_q0002_21', 'ptend_q0002_22', 'ptend_q0002_23']
Batch all R2=0.527080811836376, bad excl R2=0.5468663134339122
Final validation R2=0.527080811836376, bad excl R2=0.5468663134339122
Best model so far model_border_count_32_depth_8_iterations_400_learning_rate_0.25_l2_leaf_reg_5.pkl
Loading test HoloFrame...
Using model model_border_count_32_depth_8_iterations_400_learning_rate_0.25_l2_leaf_reg_5.pkl for test run and submission
Removing poor R2 cols from those that will be predicted: ['ptend_t_19', 'ptend_t_21', 'ptend_q0001_40', 'ptend_q0001_41', 'ptend_q0001_42', 'ptend_q0003_18', 'ptend_q0003_20', 'ptend_q0003_21', 'ptend_q0003_22', 'ptend_q0003_23', 'ptend_q0003_24', 'ptend_q0003_25', 'ptend_q0003_26', 'ptend_q0003_27', 'ptend_q0003_28', 'ptend_q0003_29', 'ptend_q0003_30', 'ptend_u_12', 'ptend_u_13', 'ptend_u_14', 'ptend_u_24', 'ptend_u_30', 'ptend_u_31', 'ptend_v_12', 'ptend_v_13']
Processing submission from row 0
Zeroed-out due to scaling not blacklist: ['ptend_q0002_15', 'ptend_q0002_16', 'ptend_q0002_17', 'ptend_q0002_18', 'ptend_q0002_19', 'ptend_q0002_20', 'ptend_q0002_21', 'ptend_q0002_22', 'ptend_q0002_23']
Processing submission from row 20000
Zeroed-out due to scaling not blacklist: ['ptend_q0002_15', 'ptend_q0002_16', 'ptend_q0002_17', 'ptend_q0002_18', 'ptend_q0002_19', 'ptend_q0002_20', 'ptend_q0002_21', 'ptend_q0002_22', 'ptend_q0002_23']
Processing submission from row 40000
Zeroed-out due to scaling not blacklist: ['ptend_q0002_15', 'ptend_q0002_16', 'ptend_q0002_17', 'ptend_q0002_18', 'ptend_q0002_19', 'ptend_q0002_20', 'ptend_q0002_21', 'ptend_q0002_22', 'ptend_q0002_23']
Processing submission from row 60000
Zeroed-out due to scaling not blacklist: ['ptend_q0002_15', 'ptend_q0002_16', 'ptend_q0002_17', 'ptend_q0002_18', 'ptend_q0002_19', 'ptend_q0002_20', 'ptend_q0002_21', 'ptend_q0002_22', 'ptend_q0002_23']
Processing submission from row 80000
Zeroed-out due to scaling not blacklist: ['ptend_q0002_15', 'ptend_q0002_16', 'ptend_q0002_17', 'ptend_q0002_18', 'ptend_q0002_19', 'ptend_q0002_20', 'ptend_q0002_21', 'ptend_q0002_22', 'ptend_q0002_23']
Processing submission from row 100000
Zeroed-out due to scaling not blacklist: ['ptend_q0002_15', 'ptend_q0002_16', 'ptend_q0002_17', 'ptend_q0002_18', 'ptend_q0002_19', 'ptend_q0002_20', 'ptend_q0002_21', 'ptend_q0002_22', 'ptend_q0002_23']
Processing submission from row 120000
Zeroed-out due to scaling not blacklist: ['ptend_q0002_15', 'ptend_q0002_16', 'ptend_q0002_17', 'ptend_q0002_18', 'ptend_q0002_19', 'ptend_q0002_20', 'ptend_q0002_21', 'ptend_q0002_22', 'ptend_q0002_23']
Processing submission from row 140000
Zeroed-out due to scaling not blacklist: ['ptend_q0002_15', 'ptend_q0002_16', 'ptend_q0002_17', 'ptend_q0002_18', 'ptend_q0002_19', 'ptend_q0002_20', 'ptend_q0002_21', 'ptend_q0002_22', 'ptend_q0002_23']
Processing submission from row 160000
Zeroed-out due to scaling not blacklist: ['ptend_q0002_15', 'ptend_q0002_16', 'ptend_q0002_17', 'ptend_q0002_18', 'ptend_q0002_19', 'ptend_q0002_20', 'ptend_q0002_21', 'ptend_q0002_22', 'ptend_q0002_23']
Processing submission from row 180000
Zeroed-out due to scaling not blacklist: ['ptend_q0002_15', 'ptend_q0002_16', 'ptend_q0002_17', 'ptend_q0002_18', 'ptend_q0002_19', 'ptend_q0002_20', 'ptend_q0002_21', 'ptend_q0002_22', 'ptend_q0002_23']
Processing submission from row 200000
Zeroed-out due to scaling not blacklist: ['ptend_q0002_15', 'ptend_q0002_16', 'ptend_q0002_17', 'ptend_q0002_18', 'ptend_q0002_19', 'ptend_q0002_20', 'ptend_q0002_21', 'ptend_q0002_22', 'ptend_q0002_23']
Processing submission from row 220000
Zeroed-out due to scaling not blacklist: ['ptend_q0002_15', 'ptend_q0002_16', 'ptend_q0002_17', 'ptend_q0002_18', 'ptend_q0002_19', 'ptend_q0002_20', 'ptend_q0002_21', 'ptend_q0002_22', 'ptend_q0002_23']
Processing submission from row 240000
Zeroed-out due to scaling not blacklist: ['ptend_q0002_15', 'ptend_q0002_16', 'ptend_q0002_17', 'ptend_q0002_18', 'ptend_q0002_19', 'ptend_q0002_20', 'ptend_q0002_21', 'ptend_q0002_22', 'ptend_q0002_23']
Processing submission from row 260000
Zeroed-out due to scaling not blacklist: ['ptend_q0002_15', 'ptend_q0002_16', 'ptend_q0002_17', 'ptend_q0002_18', 'ptend_q0002_19', 'ptend_q0002_20', 'ptend_q0002_21', 'ptend_q0002_22', 'ptend_q0002_23']
Processing submission from row 280000
Zeroed-out due to scaling not blacklist: ['ptend_q0002_15', 'ptend_q0002_16', 'ptend_q0002_17', 'ptend_q0002_18', 'ptend_q0002_19', 'ptend_q0002_20', 'ptend_q0002_21', 'ptend_q0002_22', 'ptend_q0002_23']
Processing submission from row 300000
Zeroed-out due to scaling not blacklist: ['ptend_q0002_15', 'ptend_q0002_16', 'ptend_q0002_17', 'ptend_q0002_18', 'ptend_q0002_19', 'ptend_q0002_20', 'ptend_q0002_21', 'ptend_q0002_22', 'ptend_q0002_23']
Processing submission from row 320000
Zeroed-out due to scaling not blacklist: ['ptend_q0002_15', 'ptend_q0002_16', 'ptend_q0002_17', 'ptend_q0002_18', 'ptend_q0002_19', 'ptend_q0002_20', 'ptend_q0002_21', 'ptend_q0002_22', 'ptend_q0002_23']
Processing submission from row 340000
Zeroed-out due to scaling not blacklist: ['ptend_q0002_15', 'ptend_q0002_16', 'ptend_q0002_17', 'ptend_q0002_18', 'ptend_q0002_19', 'ptend_q0002_20', 'ptend_q0002_21', 'ptend_q0002_22', 'ptend_q0002_23']
Processing submission from row 360000
Zeroed-out due to scaling not blacklist: ['ptend_q0002_15', 'ptend_q0002_16', 'ptend_q0002_17', 'ptend_q0002_18', 'ptend_q0002_19', 'ptend_q0002_20', 'ptend_q0002_21', 'ptend_q0002_22', 'ptend_q0002_23']
Processing submission from row 380000
Zeroed-out due to scaling not blacklist: ['ptend_q0002_15', 'ptend_q0002_16', 'ptend_q0002_17', 'ptend_q0002_18', 'ptend_q0002_19', 'ptend_q0002_20', 'ptend_q0002_21', 'ptend_q0002_22', 'ptend_q0002_23']
Processing submission from row 400000
Zeroed-out due to scaling not blacklist: ['ptend_q0002_15', 'ptend_q0002_16', 'ptend_q0002_17', 'ptend_q0002_18', 'ptend_q0002_19', 'ptend_q0002_20', 'ptend_q0002_21', 'ptend_q0002_22', 'ptend_q0002_23']
Processing submission from row 420000
Zeroed-out due to scaling not blacklist: ['ptend_q0002_15', 'ptend_q0002_16', 'ptend_q0002_17', 'ptend_q0002_18', 'ptend_q0002_19', 'ptend_q0002_20', 'ptend_q0002_21', 'ptend_q0002_22', 'ptend_q0002_23']
Processing submission from row 440000
Zeroed-out due to scaling not blacklist: ['ptend_q0002_15', 'ptend_q0002_16', 'ptend_q0002_17', 'ptend_q0002_18', 'ptend_q0002_19', 'ptend_q0002_20', 'ptend_q0002_21', 'ptend_q0002_22', 'ptend_q0002_23']
Processing submission from row 460000
Zeroed-out due to scaling not blacklist: ['ptend_q0002_15', 'ptend_q0002_16', 'ptend_q0002_17', 'ptend_q0002_18', 'ptend_q0002_19', 'ptend_q0002_20', 'ptend_q0002_21', 'ptend_q0002_22', 'ptend_q0002_23']
Processing submission from row 480000
Zeroed-out due to scaling not blacklist: ['ptend_q0002_15', 'ptend_q0002_16', 'ptend_q0002_17', 'ptend_q0002_18', 'ptend_q0002_19', 'ptend_q0002_20', 'ptend_q0002_21', 'ptend_q0002_22', 'ptend_q0002_23']
Processing submission from row 500000
Zeroed-out due to scaling not blacklist: ['ptend_q0002_15', 'ptend_q0002_16', 'ptend_q0002_17', 'ptend_q0002_18', 'ptend_q0002_19', 'ptend_q0002_20', 'ptend_q0002_21', 'ptend_q0002_22', 'ptend_q0002_23']
Processing submission from row 520000
Zeroed-out due to scaling not blacklist: ['ptend_q0002_15', 'ptend_q0002_16', 'ptend_q0002_17', 'ptend_q0002_18', 'ptend_q0002_19', 'ptend_q0002_20', 'ptend_q0002_21', 'ptend_q0002_22', 'ptend_q0002_23']
Processing submission from row 540000
Zeroed-out due to scaling not blacklist: ['ptend_q0002_15', 'ptend_q0002_16', 'ptend_q0002_17', 'ptend_q0002_18', 'ptend_q0002_19', 'ptend_q0002_20', 'ptend_q0002_21', 'ptend_q0002_22', 'ptend_q0002_23']
Processing submission from row 560000
Zeroed-out due to scaling not blacklist: ['ptend_q0002_15', 'ptend_q0002_16', 'ptend_q0002_17', 'ptend_q0002_18', 'ptend_q0002_19', 'ptend_q0002_20', 'ptend_q0002_21', 'ptend_q0002_22', 'ptend_q0002_23']
Processing submission from row 580000
Zeroed-out due to scaling not blacklist: ['ptend_q0002_15', 'ptend_q0002_16', 'ptend_q0002_17', 'ptend_q0002_18', 'ptend_q0002_19', 'ptend_q0002_20', 'ptend_q0002_21', 'ptend_q0002_22', 'ptend_q0002_23']
Processing submission from row 600000
Zeroed-out due to scaling not blacklist: ['ptend_q0002_15', 'ptend_q0002_16', 'ptend_q0002_17', 'ptend_q0002_18', 'ptend_q0002_19', 'ptend_q0002_20', 'ptend_q0002_21', 'ptend_q0002_22', 'ptend_q0002_23']
Processing submission from row 620000
Zeroed-out due to scaling not blacklist: ['ptend_q0002_15', 'ptend_q0002_16', 'ptend_q0002_17', 'ptend_q0002_18', 'ptend_q0002_19', 'ptend_q0002_20', 'ptend_q0002_21', 'ptend_q0002_22', 'ptend_q0002_23']
submission_df: shape: (9, 370)
┌───────────┬───────────┬───────────┬───────────┬───┬───────────┬───────────┬───────────┬──────────┐
│ statistic ┆ sample_id ┆ ptend_t_0 ┆ ptend_t_1 ┆ … ┆ cam_out_S ┆ cam_out_S ┆ cam_out_S ┆ cam_out_ │
│ ---       ┆ ---       ┆ ---       ┆ ---       ┆   ┆ OLS       ┆ OLL       ┆ OLSD      ┆ SOLLD    │
│ str       ┆ str       ┆ f64       ┆ f64       ┆   ┆ ---       ┆ ---       ┆ ---       ┆ ---      │
│           ┆           ┆           ┆           ┆   ┆ f64       ┆ f64       ┆ f64       ┆ f64      │
╞═══════════╪═══════════╪═══════════╪═══════════╪═══╪═══════════╪═══════════╪═══════════╪══════════╡
│ count     ┆ 625000    ┆ 625000.0  ┆ 625000.0  ┆ … ┆ 625000.0  ┆ 625000.0  ┆ 625000.0  ┆ 625000.0 │
│ null_coun ┆ 0         ┆ 0.0       ┆ 0.0       ┆ … ┆ 0.0       ┆ 0.0       ┆ 0.0       ┆ 0.0      │
│ t         ┆           ┆           ┆           ┆   ┆           ┆           ┆           ┆          │
│ mean      ┆ null      ┆ 0.263913  ┆ -0.288056 ┆ … ┆ 0.540045  ┆ 0.560463  ┆ 0.707437  ┆ 0.588908 │
│ std       ┆ null      ┆ 0.719441  ┆ 0.756029  ┆ … ┆ 0.926455  ┆ 0.925539  ┆ 0.854993  ┆ 0.792337 │
│ min       ┆ test_0    ┆ -1.560444 ┆ -1.939498 ┆ … ┆ -0.733871 ┆ -0.73479  ┆ -0.518125 ┆ -0.67416 │
│ 25%       ┆ null      ┆ -0.39751  ┆ -0.938696 ┆ … ┆ -0.026832 ┆ -0.023174 ┆ 0.02399   ┆ 0.009892 │
│ 50%       ┆ null      ┆ -0.032326 ┆ -0.487681 ┆ … ┆ 0.057603  ┆ 0.071502  ┆ 0.228526  ┆ 0.226547 │
│ 75%       ┆ null      ┆ 1.019817  ┆ 0.44965   ┆ … ┆ 0.778644  ┆ 0.852606  ┆ 1.351817  ┆ 1.004352 │
│ max       ┆ test_9999 ┆ 1.694835  ┆ 1.442686  ┆ … ┆ 4.238033  ┆ 4.319967  ┆ 4.439754  ┆ 4.655787 │
│           ┆ 9         ┆           ┆           ┆   ┆           ┆           ┆           ┆          │
└───────────┴───────────┴───────────┴───────────┴───┴───────────┴───────────┴───────────┴──────────┘
