Loading training HoloFrame...
Loading submission weights...
Opening previous scalings...
Saved scalings for next time
Starting training loop...
... border_count=32
... depth=8
... iterations=400
... learning_rate=0.25
... l2_leaf_reg=5
Catboost training batch 1 of 4
0:	learn: 15.4437730	total: 2.82s	remaining: 18m 46s
399:	learn: 6.8520321	total: 14m 28s	remaining: 0us
Catboost training batch 2 of 4
0:	learn: 14.6419500	total: 2.77s	remaining: 18m 26s
399:	learn: 6.4194017	total: 14m 38s	remaining: 0us
Catboost training batch 3 of 4
0:	learn: 15.9039225	total: 2.22s	remaining: 14m 44s
399:	learn: 7.0104449	total: 14m 6s	remaining: 0us
Catboost training batch 4 of 4
0:	learn: 15.5350869	total: 2.38s	remaining: 15m 50s
399:	learn: 6.8396797	total: 14m 32s	remaining: 0us
Catboost validation batch 1 of 1 normalised r2=-31928651821019.324
Zeroed-out due to scaling not blacklist: ['ptend_q0002_15', 'ptend_q0002_16', 'ptend_q0002_17', 'ptend_q0002_18', 'ptend_q0002_19', 'ptend_q0002_20', 'ptend_q0002_21', 'ptend_q0002_22', 'ptend_q0002_23']
Zeroed-out due to scaling not blacklist: ['ptend_q0002_15', 'ptend_q0002_16', 'ptend_q0002_17', 'ptend_q0002_18', 'ptend_q0002_19', 'ptend_q0002_20', 'ptend_q0002_21', 'ptend_q0002_22', 'ptend_q0002_23']
Batch all R2=0.5396083910453652, bad excl R2=0.569585198709678
Final validation R2=0.5396083910453652, bad excl R2=0.569585198709678
Best model so far model_border_count_32_depth_8_iterations_400_learning_rate_0.25_l2_leaf_reg_5.pkl
Loading test HoloFrame...
Using model model_border_count_32_depth_8_iterations_400_learning_rate_0.25_l2_leaf_reg_5.pkl for test run and submission
Removing poor R2 cols from those that will be predicted: ['ptend_q0003_19', 'ptend_q0003_23', 'ptend_u_12', 'ptend_u_20', 'ptend_u_21', 'ptend_u_22', 'ptend_u_23', 'ptend_u_24', 'ptend_u_25', 'ptend_u_26', 'ptend_u_27', 'ptend_v_12', 'ptend_v_19', 'ptend_v_20', 'ptend_v_21', 'ptend_v_22', 'ptend_v_23', 'ptend_v_24', 'ptend_v_25', 'ptend_v_26', 'ptend_v_27', 'ptend_v_28', 'ptend_v_29', 'ptend_v_30']
Processing submission from row 0
Zeroed-out due to scaling not blacklist: ['ptend_q0002_15', 'ptend_q0002_16', 'ptend_q0002_17', 'ptend_q0002_18', 'ptend_q0002_19', 'ptend_q0002_20', 'ptend_q0002_21', 'ptend_q0002_22', 'ptend_q0002_23']
Processing submission from row 20000
Zeroed-out due to scaling not blacklist: ['ptend_q0002_15', 'ptend_q0002_16', 'ptend_q0002_17', 'ptend_q0002_18', 'ptend_q0002_19', 'ptend_q0002_20', 'ptend_q0002_21', 'ptend_q0002_22', 'ptend_q0002_23']
Processing submission from row 40000
Zeroed-out due to scaling not blacklist: ['ptend_q0002_15', 'ptend_q0002_16', 'ptend_q0002_17', 'ptend_q0002_18', 'ptend_q0002_19', 'ptend_q0002_20', 'ptend_q0002_21', 'ptend_q0002_22', 'ptend_q0002_23']
Processing submission from row 60000
Zeroed-out due to scaling not blacklist: ['ptend_q0002_15', 'ptend_q0002_16', 'ptend_q0002_17', 'ptend_q0002_18', 'ptend_q0002_19', 'ptend_q0002_20', 'ptend_q0002_21', 'ptend_q0002_22', 'ptend_q0002_23']
Processing submission from row 80000
Zeroed-out due to scaling not blacklist: ['ptend_q0002_15', 'ptend_q0002_16', 'ptend_q0002_17', 'ptend_q0002_18', 'ptend_q0002_19', 'ptend_q0002_20', 'ptend_q0002_21', 'ptend_q0002_22', 'ptend_q0002_23']
Processing submission from row 100000
Zeroed-out due to scaling not blacklist: ['ptend_q0002_15', 'ptend_q0002_16', 'ptend_q0002_17', 'ptend_q0002_18', 'ptend_q0002_19', 'ptend_q0002_20', 'ptend_q0002_21', 'ptend_q0002_22', 'ptend_q0002_23']
Processing submission from row 120000
Zeroed-out due to scaling not blacklist: ['ptend_q0002_15', 'ptend_q0002_16', 'ptend_q0002_17', 'ptend_q0002_18', 'ptend_q0002_19', 'ptend_q0002_20', 'ptend_q0002_21', 'ptend_q0002_22', 'ptend_q0002_23']
Processing submission from row 140000
Zeroed-out due to scaling not blacklist: ['ptend_q0002_15', 'ptend_q0002_16', 'ptend_q0002_17', 'ptend_q0002_18', 'ptend_q0002_19', 'ptend_q0002_20', 'ptend_q0002_21', 'ptend_q0002_22', 'ptend_q0002_23']
Processing submission from row 160000
Zeroed-out due to scaling not blacklist: ['ptend_q0002_15', 'ptend_q0002_16', 'ptend_q0002_17', 'ptend_q0002_18', 'ptend_q0002_19', 'ptend_q0002_20', 'ptend_q0002_21', 'ptend_q0002_22', 'ptend_q0002_23']
Processing submission from row 180000
Zeroed-out due to scaling not blacklist: ['ptend_q0002_15', 'ptend_q0002_16', 'ptend_q0002_17', 'ptend_q0002_18', 'ptend_q0002_19', 'ptend_q0002_20', 'ptend_q0002_21', 'ptend_q0002_22', 'ptend_q0002_23']
Processing submission from row 200000
Zeroed-out due to scaling not blacklist: ['ptend_q0002_15', 'ptend_q0002_16', 'ptend_q0002_17', 'ptend_q0002_18', 'ptend_q0002_19', 'ptend_q0002_20', 'ptend_q0002_21', 'ptend_q0002_22', 'ptend_q0002_23']
Processing submission from row 220000
Zeroed-out due to scaling not blacklist: ['ptend_q0002_15', 'ptend_q0002_16', 'ptend_q0002_17', 'ptend_q0002_18', 'ptend_q0002_19', 'ptend_q0002_20', 'ptend_q0002_21', 'ptend_q0002_22', 'ptend_q0002_23']
Processing submission from row 240000
Zeroed-out due to scaling not blacklist: ['ptend_q0002_15', 'ptend_q0002_16', 'ptend_q0002_17', 'ptend_q0002_18', 'ptend_q0002_19', 'ptend_q0002_20', 'ptend_q0002_21', 'ptend_q0002_22', 'ptend_q0002_23']
Processing submission from row 260000
Zeroed-out due to scaling not blacklist: ['ptend_q0002_15', 'ptend_q0002_16', 'ptend_q0002_17', 'ptend_q0002_18', 'ptend_q0002_19', 'ptend_q0002_20', 'ptend_q0002_21', 'ptend_q0002_22', 'ptend_q0002_23']
Processing submission from row 280000
Zeroed-out due to scaling not blacklist: ['ptend_q0002_15', 'ptend_q0002_16', 'ptend_q0002_17', 'ptend_q0002_18', 'ptend_q0002_19', 'ptend_q0002_20', 'ptend_q0002_21', 'ptend_q0002_22', 'ptend_q0002_23']
Processing submission from row 300000
Zeroed-out due to scaling not blacklist: ['ptend_q0002_15', 'ptend_q0002_16', 'ptend_q0002_17', 'ptend_q0002_18', 'ptend_q0002_19', 'ptend_q0002_20', 'ptend_q0002_21', 'ptend_q0002_22', 'ptend_q0002_23']
Processing submission from row 320000
Zeroed-out due to scaling not blacklist: ['ptend_q0002_15', 'ptend_q0002_16', 'ptend_q0002_17', 'ptend_q0002_18', 'ptend_q0002_19', 'ptend_q0002_20', 'ptend_q0002_21', 'ptend_q0002_22', 'ptend_q0002_23']
Processing submission from row 340000
Zeroed-out due to scaling not blacklist: ['ptend_q0002_15', 'ptend_q0002_16', 'ptend_q0002_17', 'ptend_q0002_18', 'ptend_q0002_19', 'ptend_q0002_20', 'ptend_q0002_21', 'ptend_q0002_22', 'ptend_q0002_23']
Processing submission from row 360000
Zeroed-out due to scaling not blacklist: ['ptend_q0002_15', 'ptend_q0002_16', 'ptend_q0002_17', 'ptend_q0002_18', 'ptend_q0002_19', 'ptend_q0002_20', 'ptend_q0002_21', 'ptend_q0002_22', 'ptend_q0002_23']
Processing submission from row 380000
Zeroed-out due to scaling not blacklist: ['ptend_q0002_15', 'ptend_q0002_16', 'ptend_q0002_17', 'ptend_q0002_18', 'ptend_q0002_19', 'ptend_q0002_20', 'ptend_q0002_21', 'ptend_q0002_22', 'ptend_q0002_23']
Processing submission from row 400000
Zeroed-out due to scaling not blacklist: ['ptend_q0002_15', 'ptend_q0002_16', 'ptend_q0002_17', 'ptend_q0002_18', 'ptend_q0002_19', 'ptend_q0002_20', 'ptend_q0002_21', 'ptend_q0002_22', 'ptend_q0002_23']
Processing submission from row 420000
Zeroed-out due to scaling not blacklist: ['ptend_q0002_15', 'ptend_q0002_16', 'ptend_q0002_17', 'ptend_q0002_18', 'ptend_q0002_19', 'ptend_q0002_20', 'ptend_q0002_21', 'ptend_q0002_22', 'ptend_q0002_23']
Processing submission from row 440000
Zeroed-out due to scaling not blacklist: ['ptend_q0002_15', 'ptend_q0002_16', 'ptend_q0002_17', 'ptend_q0002_18', 'ptend_q0002_19', 'ptend_q0002_20', 'ptend_q0002_21', 'ptend_q0002_22', 'ptend_q0002_23']
Processing submission from row 460000
Zeroed-out due to scaling not blacklist: ['ptend_q0002_15', 'ptend_q0002_16', 'ptend_q0002_17', 'ptend_q0002_18', 'ptend_q0002_19', 'ptend_q0002_20', 'ptend_q0002_21', 'ptend_q0002_22', 'ptend_q0002_23']
Processing submission from row 480000
Zeroed-out due to scaling not blacklist: ['ptend_q0002_15', 'ptend_q0002_16', 'ptend_q0002_17', 'ptend_q0002_18', 'ptend_q0002_19', 'ptend_q0002_20', 'ptend_q0002_21', 'ptend_q0002_22', 'ptend_q0002_23']
Processing submission from row 500000
Zeroed-out due to scaling not blacklist: ['ptend_q0002_15', 'ptend_q0002_16', 'ptend_q0002_17', 'ptend_q0002_18', 'ptend_q0002_19', 'ptend_q0002_20', 'ptend_q0002_21', 'ptend_q0002_22', 'ptend_q0002_23']
Processing submission from row 520000
Zeroed-out due to scaling not blacklist: ['ptend_q0002_15', 'ptend_q0002_16', 'ptend_q0002_17', 'ptend_q0002_18', 'ptend_q0002_19', 'ptend_q0002_20', 'ptend_q0002_21', 'ptend_q0002_22', 'ptend_q0002_23']
Processing submission from row 540000
Zeroed-out due to scaling not blacklist: ['ptend_q0002_15', 'ptend_q0002_16', 'ptend_q0002_17', 'ptend_q0002_18', 'ptend_q0002_19', 'ptend_q0002_20', 'ptend_q0002_21', 'ptend_q0002_22', 'ptend_q0002_23']
Processing submission from row 560000
Zeroed-out due to scaling not blacklist: ['ptend_q0002_15', 'ptend_q0002_16', 'ptend_q0002_17', 'ptend_q0002_18', 'ptend_q0002_19', 'ptend_q0002_20', 'ptend_q0002_21', 'ptend_q0002_22', 'ptend_q0002_23']
Processing submission from row 580000
Zeroed-out due to scaling not blacklist: ['ptend_q0002_15', 'ptend_q0002_16', 'ptend_q0002_17', 'ptend_q0002_18', 'ptend_q0002_19', 'ptend_q0002_20', 'ptend_q0002_21', 'ptend_q0002_22', 'ptend_q0002_23']
Processing submission from row 600000
Zeroed-out due to scaling not blacklist: ['ptend_q0002_15', 'ptend_q0002_16', 'ptend_q0002_17', 'ptend_q0002_18', 'ptend_q0002_19', 'ptend_q0002_20', 'ptend_q0002_21', 'ptend_q0002_22', 'ptend_q0002_23']
Processing submission from row 620000
Zeroed-out due to scaling not blacklist: ['ptend_q0002_15', 'ptend_q0002_16', 'ptend_q0002_17', 'ptend_q0002_18', 'ptend_q0002_19', 'ptend_q0002_20', 'ptend_q0002_21', 'ptend_q0002_22', 'ptend_q0002_23']
submission_df: shape: (9, 370)
┌───────────┬───────────┬───────────┬───────────┬───┬───────────┬───────────┬───────────┬──────────┐
│ statistic ┆ sample_id ┆ ptend_t_0 ┆ ptend_t_1 ┆ … ┆ cam_out_S ┆ cam_out_S ┆ cam_out_S ┆ cam_out_ │
│ ---       ┆ ---       ┆ ---       ┆ ---       ┆   ┆ OLS       ┆ OLL       ┆ OLSD      ┆ SOLLD    │
│ str       ┆ str       ┆ f64       ┆ f64       ┆   ┆ ---       ┆ ---       ┆ ---       ┆ ---      │
│           ┆           ┆           ┆           ┆   ┆ f64       ┆ f64       ┆ f64       ┆ f64      │
╞═══════════╪═══════════╪═══════════╪═══════════╪═══╪═══════════╪═══════════╪═══════════╪══════════╡
│ count     ┆ 625000    ┆ 625000.0  ┆ 625000.0  ┆ … ┆ 625000.0  ┆ 625000.0  ┆ 625000.0  ┆ 625000.0 │
│ null_coun ┆ 0         ┆ 0.0       ┆ 0.0       ┆ … ┆ 0.0       ┆ 0.0       ┆ 0.0       ┆ 0.0      │
│ t         ┆           ┆           ┆           ┆   ┆           ┆           ┆           ┆          │
│ mean      ┆ null      ┆ 0.252143  ┆ -0.248755 ┆ … ┆ 0.578644  ┆ 0.594444  ┆ 0.726485  ┆ 0.613837 │
│ std       ┆ null      ┆ 0.764312  ┆ 0.727921  ┆ … ┆ 0.932537  ┆ 0.930181  ┆ 0.876371  ┆ 0.803204 │
│ min       ┆ test_0    ┆ -1.501061 ┆ -1.948509 ┆ … ┆ -0.757318 ┆ -0.730904 ┆ -0.37191  ┆ -0.45031 │
│           ┆           ┆           ┆           ┆   ┆           ┆           ┆           ┆ 1        │
│ 25%       ┆ null      ┆ -0.45409  ┆ -0.886803 ┆ … ┆ -0.000694 ┆ -0.003232 ┆ 0.008395  ┆ -0.00320 │
│           ┆           ┆           ┆           ┆   ┆           ┆           ┆           ┆ 7        │
│ 50%       ┆ null      ┆ -0.125948 ┆ -0.45134  ┆ … ┆ 0.085317  ┆ 0.095408  ┆ 0.224352  ┆ 0.233562 │
│ 75%       ┆ null      ┆ 1.08079   ┆ 0.495828  ┆ … ┆ 0.871176  ┆ 0.94917   ┆ 1.435852  ┆ 1.103789 │
│ max       ┆ test_9999 ┆ 1.64362   ┆ 1.279161  ┆ … ┆ 4.25928   ┆ 4.156931  ┆ 4.507879  ┆ 4.814618 │
│           ┆ 9         ┆           ┆           ┆   ┆           ┆           ┆           ┆          │
└───────────┴───────────┴───────────┴───────────┴───┴───────────┴───────────┴───────────┴──────────┘
